2020-03-14 04:16:49.1566  INFO    - Program - Application Started 
2020-03-14 04:17:19.8605  INFO    - DataReader - Application Started | ProcessFile 
2020-03-14 04:17:20.0557  INFO    - DataReader - Driver={Microsoft Access Driver (*.mdb)};DBQ=J:\Courses\Capstone\FileUpload\Source\InputFiles\GenericData-Athletics Ontario Outdoor Championship Series #3- U20 - Open Championships-12Jul2019-002.mdb 
2020-03-14 04:17:23.1707  INFO    - DataReader - Application has started Reading Access DB 
2020-03-14 04:17:23.4116 ERROR    - DataReader - Exception : ERROR [IM002] [Microsoft][ODBC Driver Manager] Data source name not found and no default driver specified 
2020-03-14 04:17:23.4116  INFO    - Program - Application Completed 
2020-03-14 08:16:37.1401  INFO    - Program - Application Started 
2020-03-14 08:16:37.7892  INFO    - DataReader - Application Started | ProcessFile 
2020-03-14 08:16:38.2726  INFO    - DataReader - Driver={Microsoft Access Driver (*.mdb)};DBQ=J:\Courses\Capstone\FileUpload\Source\InputFiles\GenericData-Athletics Ontario Outdoor Championship Series #3- U20 - Open Championships-12Jul2019-002.mdb 
2020-03-14 08:16:42.5478  INFO    - DataReader - Application has started Reading Access DB 
2020-03-14 08:16:42.7871 ERROR    - DataReader - Exception : ERROR [IM002] [Microsoft][ODBC Driver Manager] Data source name not found and no default driver specified 
2020-03-14 08:16:42.7871  INFO    - Program - Application Completed 
2020-03-14 14:26:06.8888  INFO    - Program - Application Started 
2020-03-14 14:26:07.1430  INFO    - DataReader - Application Started | ProcessFile 
2020-03-14 14:26:07.1430  INFO    - Program - Application Completed 
2020-03-14 14:33:05.9708  INFO    - Program - Application Started 
2020-03-14 14:33:06.0515  INFO    - DataReader - Application Started | ProcessFile 
2020-03-14 14:33:06.0515  INFO    - Program - Application Completed 
2020-03-14 14:37:48.5168  INFO    - Program - Application Started 
2020-03-14 14:37:48.6070  INFO    - DataReader - Application Started | ProcessFile 
2020-03-14 14:37:48.7309  INFO    - DataReader - Driver={Microsoft Access Driver (*.mdb)};DBQ=J:\Courses\Capstone\FileUpload\Source\InputFiles\GenericData-Athletics Ontario Outdoor Championship Series #3- U20 - Open Championships-12Jul2019-002.mdb 
2020-03-14 14:37:49.9923  INFO    - DataReader - Application has started Reading Access DB 
2020-03-14 14:37:50.0675 ERROR    - DataReader - Exception : ERROR [IM002] [Microsoft][ODBC Driver Manager] Data source name not found and no default driver specified 
2020-03-14 14:37:50.0675  INFO    - Program - Application Completed 
2020-03-14 19:32:37.6425  INFO    - Program - Application Started 
2020-03-14 19:32:44.2607  INFO    - DataReader - Application Started | ProcessFile 
2020-03-14 19:32:50.5125  INFO    - DataReader - Driver={Microsoft Access Driver (*.mdb)};DBQ=J:\Courses\Capstone\FileUpload\Source\InputFiles\GenericData-Athletics Ontario Outdoor Championship Series #3- U20 - Open Championships-12Jul2019-002.mdb 
2020-03-14 19:33:27.2755  INFO    - DataReader - Application has started Reading Access DB 
2020-03-14 19:39:24.7966  INFO    - Program - Application Started 
2020-03-14 19:39:31.2259  INFO    - DataReader - Application Started | ProcessFile 
2020-03-14 19:39:41.7932  INFO    - DataReader - Driver={Microsoft Access Driver (*.mdb, *.accdb)};DBQ=J:\Courses\Capstone\FileUpload\AOAccessImport-master\AOAccessImport-master\AODB.mdb 
2020-03-14 19:39:49.8143  INFO    - DataReader - Application has started Reading Access DB 
2020-03-14 19:41:27.2006  INFO    - Program - Application Started 
2020-03-14 19:41:45.2204  INFO    - DataReader - Application Started | ProcessFile 
2020-03-14 19:41:47.2778  INFO    - DataReader - Driver={Microsoft Access Driver (*.mdb, *.accdb)};DBQ=J:\Courses\Capstone\FileUpload\AOAccessImport-master\AOAccessImport-master\AODB.mdb 
2020-03-14 19:41:52.4856  INFO    - DataReader - Application has started Reading Access DB 
2020-03-14 19:57:32.9877  INFO    - Program - Application Started 
2020-03-14 19:57:36.4806  INFO    - DataReader - Application Started | ProcessFile 
2020-03-14 19:57:40.9985  INFO    - DataReader - Driver={Microsoft Access Driver (*.mdb, *.accdb)};DBQ=J:\Courses\Capstone\FileUpload\Source\InputFiles\GenericData-Athletics Ontario Outdoor Championship Series #3- U20 - Open Championships-12Jul2019-002.mdb 
2020-03-14 19:57:47.8299  INFO    - DataReader - Application has started Reading Access DB 
2020-03-14 19:58:03.0174  INFO    - DataTransfer - Started Processing Club Details 
2020-03-14 19:58:53.9677  INFO    - Program - Application Started 
2020-03-14 19:58:55.4977  INFO    - DataReader - Application Started | ProcessFile 
2020-03-14 19:59:00.3907  INFO    - DataReader - Driver={Microsoft Access Driver (*.mdb, *.accdb)};DBQ=J:\Courses\Capstone\FileUpload\Source\InputFiles\GenericData-Athletics Ontario Outdoor Championship Series #3- U20 - Open Championships-12Jul2019-002.mdb 
2020-03-14 19:59:04.0668  INFO    - DataReader - Application has started Reading Access DB 
2020-03-14 19:59:33.0025  INFO    - DataTransfer - Started Processing Result Details/Standard 
2020-03-14 20:09:16.2812  INFO    - Program - Application Started 
2020-03-14 20:09:23.8748  INFO    - DataReader - Application Started | ProcessFile 
2020-03-14 20:09:30.1015  INFO    - DataReader - Driver={Microsoft Access Driver (*.mdb, *.accdb)};DBQ=J:\Courses\Capstone\FileUpload\Source\InputFiles\GenericData-Athletics Ontario Outdoor Championship Series #3- U20 - Open Championships-12Jul2019-002.mdb 
2020-03-14 20:09:37.8601  INFO    - DataReader - Application has started Reading Access DB 
2020-03-14 20:31:56.3623  INFO    - Program - Application Started 
2020-03-14 20:31:58.5858  INFO    - DataReader - Application Started | ProcessFile 
2020-03-14 20:32:07.2326  INFO    - DataReader - Driver={Microsoft Access Driver (*.mdb)};DBQ=J:\Courses\Capstone\FileUpload\Source\InputFiles\GenericData-Athletics Ontario Outdoor Championship Series #3- U20 - Open Championships-12Jul2019-002.mdb 
2020-03-14 20:32:12.9487  INFO    - DataReader - Application has started Reading Access DB 
2020-03-14 20:32:45.4796  INFO    - Program - Application Started 
2020-03-14 20:32:46.8794  INFO    - DataReader - Application Started | ProcessFile 
2020-03-14 20:32:50.5841  INFO    - DataReader - Driver={Microsoft Access Driver (*.mdb,*.accdb)};DBQ=J:\Courses\Capstone\FileUpload\Source\InputFiles\GenericData-Athletics Ontario Outdoor Championship Series #3- U20 - Open Championships-12Jul2019-002.mdb 
2020-03-14 20:32:52.8299  INFO    - DataReader - Application has started Reading Access DB 
2020-03-14 20:33:16.3982  INFO    - Program - Application Started 
2020-03-14 20:33:17.9254  INFO    - DataReader - Application Started | ProcessFile 
2020-03-14 20:33:22.4503  INFO    - DataReader - Driver={Microsoft Access Driver (*.mdb, *.accdb)};DBQ=J:\Courses\Capstone\FileUpload\Source\InputFiles\GenericData-Athletics Ontario Outdoor Championship Series #3- U20 - Open Championships-12Jul2019-002.mdb 
2020-03-14 20:33:24.7615  INFO    - DataReader - Application has started Reading Access DB 
